{
  "RSpec": {
    "coverage": {
      "/mnt/c/Users/lilia/RubymineProjects/gazooyr/app/models/user.rb": [
        1,
        null,
        null,
        1,
        null,
        1,
        null
      ],
      "/mnt/c/Users/lilia/RubymineProjects/gazooyr/app/models/application_record.rb": [
        1,
        1,
        null
      ],
      "/mnt/c/Users/lilia/RubymineProjects/gazooyr/app/helpers/application_helper.rb": [
        1,
        null
      ],
      "/mnt/c/Users/lilia/RubymineProjects/gazooyr/app/helpers/gazooies_helper.rb": [
        1,
        null
      ],
      "/mnt/c/Users/lilia/RubymineProjects/gazooyr/app/helpers/gazooy_helper.rb": [
        1,
        null
      ],
      "/mnt/c/Users/lilia/RubymineProjects/gazooyr/app/helpers/gazooys_helper.rb": [
        1,
        null
      ],
      "/mnt/c/Users/lilia/RubymineProjects/gazooyr/app/helpers/home_helper.rb": [
        1,
        null
      ],
      "/mnt/c/Users/lilia/RubymineProjects/gazooyr/app/helpers/posts_helper.rb": [
        1,
        null
      ],
      "/mnt/c/Users/lilia/RubymineProjects/gazooyr/app/helpers/profiles_helper.rb": [
        1,
        null
      ],
      "/mnt/c/Users/lilia/RubymineProjects/gazooyr/app/controllers/application_controller.rb": [
        1,
        null
      ],
      "/mnt/c/Users/lilia/RubymineProjects/gazooyr/app/controllers/gazooies_controller.rb": [
        1,
        1,
        null,
        null,
        null,
        1,
        11,
        null,
        null,
        null,
        null,
        1,
        null,
        null,
        null,
        1,
        0,
        null,
        null,
        null,
        1,
        null,
        null,
        null,
        null,
        1,
        0,
        null,
        0,
        0,
        0,
        0,
        null,
        0,
        0,
        null,
        null,
        null,
        null,
        null,
        null,
        1,
        0,
        0,
        0,
        0,
        null,
        0,
        0,
        null,
        null,
        null,
        null,
        null,
        null,
        1,
        0,
        0,
        0,
        0,
        null,
        null,
        null,
        1,
        null,
        1,
        0,
        null,
        null,
        null,
        1,
        0,
        null,
        null
      ],
      "/mnt/c/Users/lilia/RubymineProjects/gazooyr/app/models/gazooy.rb": [
        1,
        null
      ],
      "/mnt/c/Users/lilia/RubymineProjects/gazooyr/app/channels/application_cable/channel.rb": [
        0,
        0,
        0,
        0
      ],
      "/mnt/c/Users/lilia/RubymineProjects/gazooyr/app/channels/application_cable/connection.rb": [
        0,
        0,
        0,
        0
      ],
      "/mnt/c/Users/lilia/RubymineProjects/gazooyr/app/controllers/home_controller.rb": [
        0,
        0,
        null,
        0,
        0
      ],
      "/mnt/c/Users/lilia/RubymineProjects/gazooyr/app/controllers/posts_controller.rb": [
        0,
        0,
        null,
        null,
        null,
        0,
        0,
        0,
        null,
        null,
        null,
        0,
        0,
        null,
        null,
        0,
        0,
        0,
        null,
        null,
        0,
        0,
        null,
        null,
        null,
        0,
        0,
        null,
        0,
        0,
        0,
        0,
        0,
        0,
        0,
        0,
        0,
        0,
        null,
        null,
        null,
        0,
        0,
        0,
        0,
        0,
        0,
        0,
        0,
        0,
        0,
        0,
        null,
        null,
        null,
        0,
        0,
        0,
        0,
        0,
        0,
        0,
        null,
        0,
        null,
        0,
        0,
        0,
        null,
        null,
        0,
        0,
        0,
        0
      ],
      "/mnt/c/Users/lilia/RubymineProjects/gazooyr/app/controllers/user_controller.rb": [
        0,
        0
      ],
      "/mnt/c/Users/lilia/RubymineProjects/gazooyr/app/jobs/application_job.rb": [
        0,
        0
      ],
      "/mnt/c/Users/lilia/RubymineProjects/gazooyr/app/mailers/application_mailer.rb": [
        0,
        0,
        0,
        0
      ],
      "/mnt/c/Users/lilia/RubymineProjects/gazooyr/app/models/page.rb": [
        0,
        0
      ],
      "/mnt/c/Users/lilia/RubymineProjects/gazooyr/app/models/post.rb": [
        0,
        0
      ],
      "/mnt/c/Users/lilia/RubymineProjects/gazooyr/app/models/profile.rb": [
        0,
        0,
        0,
        0
      ]
    },
    "timestamp": 1563652084
  }
}
